[debug] [2018-08-20T14:30:23.006Z] ----------------------------------------------------------------------
[debug] [2018-08-20T14:30:23.012Z] Command:       /usr/bin/node /usr/bin/firebase deploy
[debug] [2018-08-20T14:30:23.013Z] CLI Version:   4.1.2
[debug] [2018-08-20T14:30:23.013Z] Platform:      linux
[debug] [2018-08-20T14:30:23.013Z] Node Version:  v10.9.0
[debug] [2018-08-20T14:30:23.014Z] Time:          Mon Aug 20 2018 20:00:23 GMT+0530 (India Standard Time)
[debug] [2018-08-20T14:30:23.014Z] ----------------------------------------------------------------------
[debug] 
[debug] [2018-08-20T14:30:23.057Z] > command requires scopes: ["email","openid","https://www.googleapis.com/auth/cloudplatformprojects.readonly","https://www.googleapis.com/auth/firebase","https://www.googleapis.com/auth/cloud-platform"]
[debug] [2018-08-20T14:30:23.058Z] > authorizing via signed-in user
[debug] [2018-08-20T14:30:23.064Z] > refreshing access token with scopes: ["email","https://www.googleapis.com/auth/cloud-platform","https://www.googleapis.com/auth/cloudplatformprojects.readonly","https://www.googleapis.com/auth/firebase","openid"]
[debug] [2018-08-20T14:30:23.064Z] >>> HTTP REQUEST POST https://www.googleapis.com/oauth2/v3/token  

[debug] [2018-08-20T14:30:23.352Z] <<< HTTP RESPONSE 200
[debug] [2018-08-20T14:30:23.446Z] >>> HTTP REQUEST GET https://admin.firebase.com/v1/projects/chattapp-8f9a2  
 
[debug] [2018-08-20T14:30:24.833Z] <<< HTTP RESPONSE 200
[info] 
[info] === Deploying to 'chattapp-8f9a2'...
[info] 
[info] i  deploying hosting
[debug] [2018-08-20T14:30:24.843Z] >>> HTTP REQUEST POST https://firebasehosting.googleapis.com/v1beta1/sites/chattapp-8f9a2/versions  

[debug] [2018-08-20T14:30:27.028Z] <<< HTTP RESPONSE 200
[info] i  hosting: found 12 files in public directory
[debug] [2018-08-20T14:30:27.139Z] [hosting] hash cache [0] stored for 12 files
[debug] [2018-08-20T14:30:27.139Z] [hosting][hash queue][FINAL]
[debug] [2018-08-20T14:30:27.140Z] >>> HTTP REQUEST POST https://firebasehosting.googleapis.com/v1beta1/sites/chattapp-8f9a2/versions/dd8e5ca9df27d91e:populateFiles  
 <request body omitted>
